<?xml version="1.0" encoding="utf-8"?><testsuites name="pytest tests"><testsuite name="pytest" errors="0" failures="0" skipped="0" tests="15" time="1.723" timestamp="2026-08-12T01:27:21.205079+00:00" hostname="agent-env-8fa0b4f1-6da4-4338-82cc-ef5916d44ecc"><testcase classname="tests.test_wedding_api.TestGuestbook" name="test_create_blessing" time="0.150" /><testcase classname="tests.test_wedding_api.TestRSVP" name="test_create_rsvp" time="0.205" /><testcase classname="tests.test_wedding_api.TestGuestbook" name="test_list_blessings_public" time="0.140" /><testcase classname="tests.test_wedding_api.TestRSVP" name="test_list_rsvp_no_auth" time="0.104" /><testcase classname="tests.test_wedding_api.TestGuestbook" name="test_update_blessing_no_auth" time="0.105" /><testcase classname="tests.test_wedding_api.TestRSVP" name="test_list_rsvp_wrong_auth" time="0.103" /><testcase classname="tests.test_wedding_api.TestGuestbook" name="test_update_blessing_with_auth" time="0.215" /><testcase classname="tests.test_wedding_api.TestRSVP" name="test_list_rsvp_with_auth" time="0.316" /><testcase classname="tests.test_wedding_api.TestGuestbook" name="test_delete_blessing_no_auth" time="0.097" /><testcase classname="tests.test_wedding_api.TestGuestbook" name="test_delete_blessing_with_auth" time="0.202" /><testcase classname="tests.test_wedding_api.TestRSVP" name="test_rsvp_invalid_count" time="0.144" /><testcase classname="tests.test_wedding_api.TestAdmin" name="test_admin_login_correct" time="0.110" /><testcase classname="tests.test_wedding_api.TestGuestbook" name="test_delete_nonexistent" time="0.107" /><testcase classname="tests.test_wedding_api.TestAdmin" name="test_admin_login_wrong" time="0.109" /><testcase classname="tests.test_wedding_api.TestGuestbook" name="test_create_blessing_empty" time="0.102" /></testsuite></testsuites>